2023-06-04 01:37:01 [34mINFO [0;39m [36mplay.api.http.EnabledFilters[0;39m [35m[0;39m Enabled Filters (see <https://www.playframework.com/documentation/latest/Filters>):

    play.filters.csrf.CSRFFilter
    play.filters.headers.SecurityHeadersFilter
    play.filters.hosts.AllowedHostsFilter

2023-06-04 01:37:01 [34mINFO [0;39m [36mplay.api.Play[0;39m [35m[0;39m Application started (Dev) (no global state)
2023-06-04 01:37:01 [1;31mERROR[0;39m [36mapplication[0;39m [35m[0;39m Error while handling error
java.lang.ClassCastException: xsbti.BasicVirtualFileRef cannot be cast to java.io.File
	at play.sbt.run.PlayReload$.$anonfun$sourceMap$1(PlayReload.scala:61)
	at scala.collection.MapLike$MappedValues.get(MapLike.scala:261)
	at play.runsupport.Reloader.$anonfun$findSource$1(Reloader.scala:462)
	at scala.Option.flatMap(Option.scala:271)
	at play.runsupport.Reloader.findSource(Reloader.scala:461)
	at play.core.server.DevServerStart$$anon$1$$anon$2.sourceOf(DevServerStart.scala:157)
	at play.core.SourceMapper.$anonfun$sourceFor$1(ApplicationProvider.scala:21)
	at play.core.SourceMapper.$anonfun$sourceFor$1$adapted(ApplicationProvider.scala:21)
	at scala.collection.IndexedSeqOptimized.$anonfun$find$1(IndexedSeqOptimized.scala:49)
	at scala.collection.IndexedSeqOptimized.$anonfun$find$1$adapted(IndexedSeqOptimized.scala:49)
	at scala.collection.IndexedSeqOptimized.segmentLength(IndexedSeqOptimized.scala:194)
	at scala.collection.IndexedSeqOptimized.segmentLength$(IndexedSeqOptimized.scala:191)
	at scala.collection.mutable.ArrayOps$ofRef.segmentLength(ArrayOps.scala:194)
	at scala.collection.GenSeqLike.prefixLength(GenSeqLike.scala:94)
	at scala.collection.GenSeqLike.prefixLength$(GenSeqLike.scala:94)
	at scala.collection.mutable.ArrayOps$ofRef.prefixLength(ArrayOps.scala:194)
	at scala.collection.IndexedSeqOptimized.find(IndexedSeqOptimized.scala:49)
	at scala.collection.IndexedSeqOptimized.find$(IndexedSeqOptimized.scala:48)
	at scala.collection.mutable.ArrayOps$ofRef.find(ArrayOps.scala:194)
	at play.core.SourceMapper.sourceFor(ApplicationProvider.scala:21)
	at play.core.SourceMapper.sourceFor$(ApplicationProvider.scala:20)
	at play.core.server.DevServerStart$$anon$1$$anon$2.sourceFor(DevServerStart.scala:155)
	at play.api.http.HttpErrorHandlerExceptions$.$anonfun$throwableToUsefulException$1(HttpErrorHandler.scala:321)
	at scala.Option.flatMap(Option.scala:171)
	at play.api.http.HttpErrorHandlerExceptions$.throwableToUsefulException(HttpErrorHandler.scala:321)
	at play.api.http.DefaultHttpErrorHandler.onServerError(HttpErrorHandler.scala:243)
	at play.core.server.AkkaHttpServer$$anonfun$1.applyOrElse(AkkaHttpServer.scala:382)
	at play.core.server.AkkaHttpServer$$anonfun$1.applyOrElse(AkkaHttpServer.scala:380)
	at scala.concurrent.Future.$anonfun$recoverWith$1(Future.scala:413)
	at scala.concurrent.impl.Promise.$anonfun$transformWith$1(Promise.scala:37)
	at scala.concurrent.impl.CallbackRunnable.run(Promise.scala:60)
	at akka.dispatch.BatchingExecutor$AbstractBatch.processBatch(BatchingExecutor.scala:55)
	at akka.dispatch.BatchingExecutor$BlockableBatch.$anonfun$run$1(BatchingExecutor.scala:91)
	at scala.runtime.java8.JFunction0$mcV$sp.apply(JFunction0$mcV$sp.java:12)
	at scala.concurrent.BlockContext$.withBlockContext(BlockContext.scala:81)
	at akka.dispatch.BatchingExecutor$BlockableBatch.run(BatchingExecutor.scala:91)
	at akka.dispatch.TaskInvocation.run(AbstractDispatcher.scala:40)
	at akka.dispatch.ForkJoinExecutorConfigurator$AkkaForkJoinTask.exec(ForkJoinExecutorConfigurator.scala:44)
	at akka.dispatch.forkjoin.ForkJoinTask.doExec(ForkJoinTask.java:260)
	at akka.dispatch.forkjoin.ForkJoinPool$WorkQueue.runTask(ForkJoinPool.java:1339)
	at akka.dispatch.forkjoin.ForkJoinPool.runWorker(ForkJoinPool.java:1979)
	at akka.dispatch.forkjoin.ForkJoinWorkerThread.run(ForkJoinWorkerThread.java:107)
2023-06-04 01:37:21 [1;31mERROR[0;39m [36mapplication[0;39m [35m[0;39m Error while handling error
java.lang.ClassCastException: xsbti.BasicVirtualFileRef cannot be cast to java.io.File
	at play.sbt.run.PlayReload$.$anonfun$sourceMap$1(PlayReload.scala:61)
	at scala.collection.MapLike$MappedValues.get(MapLike.scala:261)
	at play.runsupport.Reloader.$anonfun$findSource$1(Reloader.scala:462)
	at scala.Option.flatMap(Option.scala:271)
	at play.runsupport.Reloader.findSource(Reloader.scala:461)
	at play.core.server.DevServerStart$$anon$1$$anon$2.sourceOf(DevServerStart.scala:157)
	at play.core.SourceMapper.$anonfun$sourceFor$1(ApplicationProvider.scala:21)
	at play.core.SourceMapper.$anonfun$sourceFor$1$adapted(ApplicationProvider.scala:21)
	at scala.collection.IndexedSeqOptimized.$anonfun$find$1(IndexedSeqOptimized.scala:49)
	at scala.collection.IndexedSeqOptimized.$anonfun$find$1$adapted(IndexedSeqOptimized.scala:49)
	at scala.collection.IndexedSeqOptimized.segmentLength(IndexedSeqOptimized.scala:194)
	at scala.collection.IndexedSeqOptimized.segmentLength$(IndexedSeqOptimized.scala:191)
	at scala.collection.mutable.ArrayOps$ofRef.segmentLength(ArrayOps.scala:194)
	at scala.collection.GenSeqLike.prefixLength(GenSeqLike.scala:94)
	at scala.collection.GenSeqLike.prefixLength$(GenSeqLike.scala:94)
	at scala.collection.mutable.ArrayOps$ofRef.prefixLength(ArrayOps.scala:194)
	at scala.collection.IndexedSeqOptimized.find(IndexedSeqOptimized.scala:49)
	at scala.collection.IndexedSeqOptimized.find$(IndexedSeqOptimized.scala:48)
	at scala.collection.mutable.ArrayOps$ofRef.find(ArrayOps.scala:194)
	at play.core.SourceMapper.sourceFor(ApplicationProvider.scala:21)
	at play.core.SourceMapper.sourceFor$(ApplicationProvider.scala:20)
	at play.core.server.DevServerStart$$anon$1$$anon$2.sourceFor(DevServerStart.scala:155)
	at play.api.http.HttpErrorHandlerExceptions$.$anonfun$throwableToUsefulException$1(HttpErrorHandler.scala:321)
	at scala.Option.flatMap(Option.scala:171)
	at play.api.http.HttpErrorHandlerExceptions$.throwableToUsefulException(HttpErrorHandler.scala:321)
	at play.api.http.DefaultHttpErrorHandler.onServerError(HttpErrorHandler.scala:243)
	at play.core.server.AkkaHttpServer$$anonfun$1.applyOrElse(AkkaHttpServer.scala:382)
	at play.core.server.AkkaHttpServer$$anonfun$1.applyOrElse(AkkaHttpServer.scala:380)
	at scala.concurrent.Future.$anonfun$recoverWith$1(Future.scala:413)
	at scala.concurrent.impl.Promise.$anonfun$transformWith$1(Promise.scala:37)
	at scala.concurrent.impl.CallbackRunnable.run(Promise.scala:60)
	at akka.dispatch.BatchingExecutor$AbstractBatch.processBatch(BatchingExecutor.scala:55)
	at akka.dispatch.BatchingExecutor$BlockableBatch.$anonfun$run$1(BatchingExecutor.scala:91)
	at scala.runtime.java8.JFunction0$mcV$sp.apply(JFunction0$mcV$sp.java:12)
	at scala.concurrent.BlockContext$.withBlockContext(BlockContext.scala:81)
	at akka.dispatch.BatchingExecutor$BlockableBatch.run(BatchingExecutor.scala:91)
	at akka.dispatch.TaskInvocation.run(AbstractDispatcher.scala:40)
	at akka.dispatch.ForkJoinExecutorConfigurator$AkkaForkJoinTask.exec(ForkJoinExecutorConfigurator.scala:44)
	at akka.dispatch.forkjoin.ForkJoinTask.doExec(ForkJoinTask.java:260)
	at akka.dispatch.forkjoin.ForkJoinPool$WorkQueue.runTask(ForkJoinPool.java:1339)
	at akka.dispatch.forkjoin.ForkJoinPool.runWorker(ForkJoinPool.java:1979)
	at akka.dispatch.forkjoin.ForkJoinWorkerThread.run(ForkJoinWorkerThread.java:107)
2023-06-04 01:38:15 [34mINFO [0;39m [36mp.m.r.DefaultReactiveMongoApi[0;39m [35m[0;39m ReactiveMongoApi stopping...
2023-06-04 01:38:15 [34mINFO [0;39m [36mp.m.r.DefaultReactiveMongoApi[0;39m [35m[0;39m ReactiveMongoApi connections are stopped
2023-06-04 01:38:16 [34mINFO [0;39m [36mplay.api.http.EnabledFilters[0;39m [35m[0;39m Enabled Filters (see <https://www.playframework.com/documentation/latest/Filters>):

    play.filters.csrf.CSRFFilter
    play.filters.headers.SecurityHeadersFilter
    play.filters.hosts.AllowedHostsFilter

2023-06-04 01:38:16 [34mINFO [0;39m [36mplay.api.Play[0;39m [35m[0;39m Application started (Dev)
2023-06-04 01:38:16 [31mWARN [0;39m [36mplay.api.Play[0;39m [35m[0;39m 
You are using the deprecated global state to set and access the current running application. If you
need an instance of Application, set play.allowGlobalApplication = false and use Dependency Injection instead.
        
2023-06-04 01:38:29 [34mINFO [0;39m [36mp.m.r.DefaultReactiveMongoApi[0;39m [35m[0;39m ReactiveMongoApi stopping...
2023-06-04 01:38:29 [34mINFO [0;39m [36mp.m.r.DefaultReactiveMongoApi[0;39m [35m[0;39m ReactiveMongoApi connections are stopped
2023-06-04 01:38:29 [34mINFO [0;39m [36mplay.api.http.EnabledFilters[0;39m [35m[0;39m Enabled Filters (see <https://www.playframework.com/documentation/latest/Filters>):

    play.filters.csrf.CSRFFilter
    play.filters.headers.SecurityHeadersFilter
    play.filters.hosts.AllowedHostsFilter

2023-06-04 01:38:29 [34mINFO [0;39m [36mplay.api.Play[0;39m [35m[0;39m Application started (Dev) (no global state)
2023-06-04 01:38:29 [1;31mERROR[0;39m [36mapplication[0;39m [35m[0;39m Error while handling error
java.lang.ClassCastException: xsbti.BasicVirtualFileRef cannot be cast to java.io.File
	at play.sbt.run.PlayReload$.$anonfun$sourceMap$1(PlayReload.scala:61)
	at scala.collection.MapLike$MappedValues.get(MapLike.scala:261)
	at play.runsupport.Reloader.$anonfun$findSource$1(Reloader.scala:462)
	at scala.Option.flatMap(Option.scala:271)
	at play.runsupport.Reloader.findSource(Reloader.scala:461)
	at play.core.server.DevServerStart$$anon$1$$anon$2.sourceOf(DevServerStart.scala:157)
	at play.core.SourceMapper.$anonfun$sourceFor$1(ApplicationProvider.scala:21)
	at play.core.SourceMapper.$anonfun$sourceFor$1$adapted(ApplicationProvider.scala:21)
	at scala.collection.IndexedSeqOptimized.$anonfun$find$1(IndexedSeqOptimized.scala:49)
	at scala.collection.IndexedSeqOptimized.$anonfun$find$1$adapted(IndexedSeqOptimized.scala:49)
	at scala.collection.IndexedSeqOptimized.segmentLength(IndexedSeqOptimized.scala:194)
	at scala.collection.IndexedSeqOptimized.segmentLength$(IndexedSeqOptimized.scala:191)
	at scala.collection.mutable.ArrayOps$ofRef.segmentLength(ArrayOps.scala:194)
	at scala.collection.GenSeqLike.prefixLength(GenSeqLike.scala:94)
	at scala.collection.GenSeqLike.prefixLength$(GenSeqLike.scala:94)
	at scala.collection.mutable.ArrayOps$ofRef.prefixLength(ArrayOps.scala:194)
	at scala.collection.IndexedSeqOptimized.find(IndexedSeqOptimized.scala:49)
	at scala.collection.IndexedSeqOptimized.find$(IndexedSeqOptimized.scala:48)
	at scala.collection.mutable.ArrayOps$ofRef.find(ArrayOps.scala:194)
	at play.core.SourceMapper.sourceFor(ApplicationProvider.scala:21)
	at play.core.SourceMapper.sourceFor$(ApplicationProvider.scala:20)
	at play.core.server.DevServerStart$$anon$1$$anon$2.sourceFor(DevServerStart.scala:155)
	at play.api.http.HttpErrorHandlerExceptions$.$anonfun$throwableToUsefulException$1(HttpErrorHandler.scala:321)
	at scala.Option.flatMap(Option.scala:171)
	at play.api.http.HttpErrorHandlerExceptions$.throwableToUsefulException(HttpErrorHandler.scala:321)
	at play.api.http.DefaultHttpErrorHandler.onServerError(HttpErrorHandler.scala:243)
	at play.core.server.AkkaHttpServer$$anonfun$1.applyOrElse(AkkaHttpServer.scala:382)
	at play.core.server.AkkaHttpServer$$anonfun$1.applyOrElse(AkkaHttpServer.scala:380)
	at scala.concurrent.Future.$anonfun$recoverWith$1(Future.scala:413)
	at scala.concurrent.impl.Promise.$anonfun$transformWith$1(Promise.scala:37)
	at scala.concurrent.impl.CallbackRunnable.run(Promise.scala:60)
	at akka.dispatch.BatchingExecutor$AbstractBatch.processBatch(BatchingExecutor.scala:55)
	at akka.dispatch.BatchingExecutor$BlockableBatch.$anonfun$run$1(BatchingExecutor.scala:91)
	at scala.runtime.java8.JFunction0$mcV$sp.apply(JFunction0$mcV$sp.java:12)
	at scala.concurrent.BlockContext$.withBlockContext(BlockContext.scala:81)
	at akka.dispatch.BatchingExecutor$BlockableBatch.run(BatchingExecutor.scala:91)
	at akka.dispatch.TaskInvocation.run(AbstractDispatcher.scala:40)
	at akka.dispatch.ForkJoinExecutorConfigurator$AkkaForkJoinTask.exec(ForkJoinExecutorConfigurator.scala:44)
	at akka.dispatch.forkjoin.ForkJoinTask.doExec(ForkJoinTask.java:260)
	at akka.dispatch.forkjoin.ForkJoinPool$WorkQueue.runTask(ForkJoinPool.java:1339)
	at akka.dispatch.forkjoin.ForkJoinPool.runWorker(ForkJoinPool.java:1979)
	at akka.dispatch.forkjoin.ForkJoinWorkerThread.run(ForkJoinWorkerThread.java:107)
2023-06-04 01:38:44 [1;31mERROR[0;39m [36mapplication[0;39m [35m[0;39m Error while handling error
java.lang.ClassCastException: xsbti.BasicVirtualFileRef cannot be cast to java.io.File
	at play.sbt.run.PlayReload$.$anonfun$sourceMap$1(PlayReload.scala:61)
	at scala.collection.MapLike$MappedValues.get(MapLike.scala:261)
	at play.runsupport.Reloader.$anonfun$findSource$1(Reloader.scala:462)
	at scala.Option.flatMap(Option.scala:271)
	at play.runsupport.Reloader.findSource(Reloader.scala:461)
	at play.core.server.DevServerStart$$anon$1$$anon$2.sourceOf(DevServerStart.scala:157)
	at play.core.SourceMapper.$anonfun$sourceFor$1(ApplicationProvider.scala:21)
	at play.core.SourceMapper.$anonfun$sourceFor$1$adapted(ApplicationProvider.scala:21)
	at scala.collection.IndexedSeqOptimized.$anonfun$find$1(IndexedSeqOptimized.scala:49)
	at scala.collection.IndexedSeqOptimized.$anonfun$find$1$adapted(IndexedSeqOptimized.scala:49)
	at scala.collection.IndexedSeqOptimized.segmentLength(IndexedSeqOptimized.scala:194)
	at scala.collection.IndexedSeqOptimized.segmentLength$(IndexedSeqOptimized.scala:191)
	at scala.collection.mutable.ArrayOps$ofRef.segmentLength(ArrayOps.scala:194)
	at scala.collection.GenSeqLike.prefixLength(GenSeqLike.scala:94)
	at scala.collection.GenSeqLike.prefixLength$(GenSeqLike.scala:94)
	at scala.collection.mutable.ArrayOps$ofRef.prefixLength(ArrayOps.scala:194)
	at scala.collection.IndexedSeqOptimized.find(IndexedSeqOptimized.scala:49)
	at scala.collection.IndexedSeqOptimized.find$(IndexedSeqOptimized.scala:48)
	at scala.collection.mutable.ArrayOps$ofRef.find(ArrayOps.scala:194)
	at play.core.SourceMapper.sourceFor(ApplicationProvider.scala:21)
	at play.core.SourceMapper.sourceFor$(ApplicationProvider.scala:20)
	at play.core.server.DevServerStart$$anon$1$$anon$2.sourceFor(DevServerStart.scala:155)
	at play.api.http.HttpErrorHandlerExceptions$.$anonfun$throwableToUsefulException$1(HttpErrorHandler.scala:321)
	at scala.Option.flatMap(Option.scala:171)
	at play.api.http.HttpErrorHandlerExceptions$.throwableToUsefulException(HttpErrorHandler.scala:321)
	at play.api.http.DefaultHttpErrorHandler.onServerError(HttpErrorHandler.scala:243)
	at play.core.server.AkkaHttpServer$$anonfun$1.applyOrElse(AkkaHttpServer.scala:382)
	at play.core.server.AkkaHttpServer$$anonfun$1.applyOrElse(AkkaHttpServer.scala:380)
	at scala.concurrent.Future.$anonfun$recoverWith$1(Future.scala:413)
	at scala.concurrent.impl.Promise.$anonfun$transformWith$1(Promise.scala:37)
	at scala.concurrent.impl.CallbackRunnable.run(Promise.scala:60)
	at akka.dispatch.BatchingExecutor$AbstractBatch.processBatch(BatchingExecutor.scala:55)
	at akka.dispatch.BatchingExecutor$BlockableBatch.$anonfun$run$1(BatchingExecutor.scala:91)
	at scala.runtime.java8.JFunction0$mcV$sp.apply(JFunction0$mcV$sp.java:12)
	at scala.concurrent.BlockContext$.withBlockContext(BlockContext.scala:81)
	at akka.dispatch.BatchingExecutor$BlockableBatch.run(BatchingExecutor.scala:91)
	at akka.dispatch.TaskInvocation.run(AbstractDispatcher.scala:40)
	at akka.dispatch.ForkJoinExecutorConfigurator$AkkaForkJoinTask.exec(ForkJoinExecutorConfigurator.scala:44)
	at akka.dispatch.forkjoin.ForkJoinTask.doExec(ForkJoinTask.java:260)
	at akka.dispatch.forkjoin.ForkJoinPool$WorkQueue.runTask(ForkJoinPool.java:1339)
	at akka.dispatch.forkjoin.ForkJoinPool.runWorker(ForkJoinPool.java:1979)
	at akka.dispatch.forkjoin.ForkJoinWorkerThread.run(ForkJoinWorkerThread.java:107)
2023-06-04 01:38:56 [1;31mERROR[0;39m [36mapplication[0;39m [35m[0;39m Error while handling error
java.lang.ClassCastException: xsbti.BasicVirtualFileRef cannot be cast to java.io.File
	at play.sbt.run.PlayReload$.$anonfun$sourceMap$1(PlayReload.scala:61)
	at scala.collection.MapLike$MappedValues.get(MapLike.scala:261)
	at play.runsupport.Reloader.$anonfun$findSource$1(Reloader.scala:462)
	at scala.Option.flatMap(Option.scala:271)
	at play.runsupport.Reloader.findSource(Reloader.scala:461)
	at play.core.server.DevServerStart$$anon$1$$anon$2.sourceOf(DevServerStart.scala:157)
	at play.core.SourceMapper.$anonfun$sourceFor$1(ApplicationProvider.scala:21)
	at play.core.SourceMapper.$anonfun$sourceFor$1$adapted(ApplicationProvider.scala:21)
	at scala.collection.IndexedSeqOptimized.$anonfun$find$1(IndexedSeqOptimized.scala:49)
	at scala.collection.IndexedSeqOptimized.$anonfun$find$1$adapted(IndexedSeqOptimized.scala:49)
	at scala.collection.IndexedSeqOptimized.segmentLength(IndexedSeqOptimized.scala:194)
	at scala.collection.IndexedSeqOptimized.segmentLength$(IndexedSeqOptimized.scala:191)
	at scala.collection.mutable.ArrayOps$ofRef.segmentLength(ArrayOps.scala:194)
	at scala.collection.GenSeqLike.prefixLength(GenSeqLike.scala:94)
	at scala.collection.GenSeqLike.prefixLength$(GenSeqLike.scala:94)
	at scala.collection.mutable.ArrayOps$ofRef.prefixLength(ArrayOps.scala:194)
	at scala.collection.IndexedSeqOptimized.find(IndexedSeqOptimized.scala:49)
	at scala.collection.IndexedSeqOptimized.find$(IndexedSeqOptimized.scala:48)
	at scala.collection.mutable.ArrayOps$ofRef.find(ArrayOps.scala:194)
	at play.core.SourceMapper.sourceFor(ApplicationProvider.scala:21)
	at play.core.SourceMapper.sourceFor$(ApplicationProvider.scala:20)
	at play.core.server.DevServerStart$$anon$1$$anon$2.sourceFor(DevServerStart.scala:155)
	at play.api.http.HttpErrorHandlerExceptions$.$anonfun$throwableToUsefulException$1(HttpErrorHandler.scala:321)
	at scala.Option.flatMap(Option.scala:171)
	at play.api.http.HttpErrorHandlerExceptions$.throwableToUsefulException(HttpErrorHandler.scala:321)
	at play.api.http.DefaultHttpErrorHandler.onServerError(HttpErrorHandler.scala:243)
	at play.core.server.AkkaHttpServer$$anonfun$1.applyOrElse(AkkaHttpServer.scala:382)
	at play.core.server.AkkaHttpServer$$anonfun$1.applyOrElse(AkkaHttpServer.scala:380)
	at scala.concurrent.Future.$anonfun$recoverWith$1(Future.scala:413)
	at scala.concurrent.impl.Promise.$anonfun$transformWith$1(Promise.scala:37)
	at scala.concurrent.impl.CallbackRunnable.run(Promise.scala:60)
	at akka.dispatch.BatchingExecutor$AbstractBatch.processBatch(BatchingExecutor.scala:55)
	at akka.dispatch.BatchingExecutor$BlockableBatch.$anonfun$run$1(BatchingExecutor.scala:91)
	at scala.runtime.java8.JFunction0$mcV$sp.apply(JFunction0$mcV$sp.java:12)
	at scala.concurrent.BlockContext$.withBlockContext(BlockContext.scala:81)
	at akka.dispatch.BatchingExecutor$BlockableBatch.run(BatchingExecutor.scala:91)
	at akka.dispatch.TaskInvocation.run(AbstractDispatcher.scala:40)
	at akka.dispatch.ForkJoinExecutorConfigurator$AkkaForkJoinTask.exec(ForkJoinExecutorConfigurator.scala:44)
	at akka.dispatch.forkjoin.ForkJoinTask.doExec(ForkJoinTask.java:260)
	at akka.dispatch.forkjoin.ForkJoinPool$WorkQueue.runTask(ForkJoinPool.java:1339)
	at akka.dispatch.forkjoin.ForkJoinPool.runWorker(ForkJoinPool.java:1979)
	at akka.dispatch.forkjoin.ForkJoinWorkerThread.run(ForkJoinWorkerThread.java:107)
2023-06-04 14:00:38 [34mINFO [0;39m [36mplay.core.server.AkkaHttpServer[0;39m [35m[0;39m Stopping server...
2023-06-04 14:00:38 [34mINFO [0;39m [36mp.m.r.DefaultReactiveMongoApi[0;39m [35m[0;39m ReactiveMongoApi stopping...
2023-06-04 14:00:38 [34mINFO [0;39m [36mp.m.r.DefaultReactiveMongoApi[0;39m [35m[0;39m ReactiveMongoApi connections are stopped
